  [4;36;1mSQL (0.000207)[0m   [0;1mSET SQL_AUTO_IS_NULL=0[0m
  [4;35;1mSQL (0.121937)[0m   [0mCREATE TABLE `schema_info` (version int(11))[0m
  [4;36;1mSQL (0.105458)[0m   [0;1mINSERT INTO `schema_info` (version) VALUES(0)[0m
  [4;35;1mSQL (0.000000)[0m   [0mMysql::Error: Table 'schema_info' already exists: CREATE TABLE `schema_info` (version int(11))[0m
  [4;36;1mSQL (0.030746)[0m   [0;1mSELECT version FROM schema_info[0m
Migrating to CreateCompanies (1)
  [4;35;1mSQL (0.529520)[0m   [0mCREATE TABLE `companies` (`id` int(11) DEFAULT NULL auto_increment PRIMARY KEY, `name` text(150) DEFAULT NULL, `created_at` datetime DEFAULT NULL, `updated_at` datetime DEFAULT NULL) ENGINE=InnoDB[0m
  [4;36;1mSQL (0.052560)[0m   [0;1mUPDATE schema_info SET version = 1[0m
  [4;35;1mSQL (0.000233)[0m   [0mSELECT * FROM schema_info[0m
  [4;36;1mSQL (0.018599)[0m   [0;1mSHOW TABLES[0m
  [4;35;1mSQL (0.032385)[0m   [0mSHOW FIELDS FROM `companies`[0m
  [4;36;1mSQL (0.001135)[0m   [0;1mdescribe `companies`[0m
  [4;35;1mSQL (0.069923)[0m   [0mSHOW KEYS FROM `companies`[0m
  [4;36;1mSQL (0.000123)[0m   [0;1mSET SQL_AUTO_IS_NULL=0[0m
  [4;35;1mSQL (0.073575)[0m   [0mSHOW FULL TABLES WHERE Table_type = 'BASE TABLE'[0m
  [4;36;1mSQL (0.017942)[0m   [0;1mSHOW CREATE TABLE `companies`[0m
  [4;35;1mSQL (0.000127)[0m   [0mSHOW CREATE TABLE `schema_info`[0m
  [4;36;1mSQL (0.000203)[0m   [0;1mSELECT version FROM schema_info[0m
  [4;36;1mSQL (0.000381)[0m   [0;1mSET SQL_AUTO_IS_NULL=0[0m
  [4;35;1mSQL (0.000000)[0m   [0mMysql::Error: Table 'schema_info' already exists: CREATE TABLE `schema_info` (version int(11))[0m
  [4;36;1mSQL (0.000105)[0m   [0;1mSELECT version FROM schema_info[0m
  [4;35;1mSQL (0.000055)[0m   [0mSELECT * FROM schema_info[0m
  [4;36;1mSQL (0.000235)[0m   [0;1mSHOW TABLES[0m
  [4;35;1mSQL (0.000518)[0m   [0mSHOW FIELDS FROM `companies`[0m
  [4;36;1mSQL (0.000459)[0m   [0;1mdescribe `companies`[0m
  [4;35;1mSQL (0.000276)[0m   [0mSHOW KEYS FROM `companies`[0m
  [4;36;1mSQL (0.016139)[0m   [0;1mselect sqlite_version(*)[0m
  [4;35;1mSQL (0.000000)[0m   [0mSQLite3::SQLException: no such table: companies: DROP TABLE companies[0m
  [4;36;1mSQL (0.065467)[0m   [0;1mCREATE TABLE companies ("id" INTEGER PRIMARY KEY AUTOINCREMENT NOT NULL, "name" text DEFAULT NULL, "created_at" datetime DEFAULT NULL, "updated_at" datetime DEFAULT NULL) [0m
  [4;35;1mSQL (0.017281)[0m   [0mCREATE TABLE schema_info (version integer)[0m
  [4;36;1mSQL (0.004003)[0m   [0;1mINSERT INTO schema_info (version) VALUES(0)[0m
  [4;35;1mSQL (0.003635)[0m   [0mUPDATE schema_info SET version = 1[0m
  [4;36;1mSQL (0.000127)[0m   [0;1mSET SQL_AUTO_IS_NULL=0[0m
  [4;35;1mSQL (0.000000)[0m   [0mMysql::Error: Table 'schema_info' already exists: CREATE TABLE `schema_info` (version int(11))[0m
  [4;36;1mSQL (0.000109)[0m   [0;1mSELECT version FROM schema_info[0m
  [4;35;1mSQL (0.000063)[0m   [0mSELECT * FROM schema_info[0m
  [4;36;1mSQL (0.000259)[0m   [0;1mSHOW TABLES[0m
  [4;35;1mSQL (0.000590)[0m   [0mSHOW FIELDS FROM `companies`[0m
  [4;36;1mSQL (0.000553)[0m   [0;1mdescribe `companies`[0m
  [4;35;1mSQL (0.000238)[0m   [0mSHOW KEYS FROM `companies`[0m
  [4;36;1mSQL (0.000461)[0m   [0;1mselect sqlite_version(*)[0m
  [4;35;1mSQL (0.000000)[0m   [0mSQLite3::SQLException: no such table: companies: DROP TABLE companies[0m
  [4;36;1mSQL (0.067297)[0m   [0;1mCREATE TABLE companies ("id" INTEGER PRIMARY KEY AUTOINCREMENT NOT NULL, "name" text DEFAULT NULL, "created_at" datetime DEFAULT NULL, "updated_at" datetime DEFAULT NULL) [0m
  [4;35;1mSQL (0.011181)[0m   [0mCREATE TABLE schema_info (version integer)[0m
  [4;36;1mSQL (0.003325)[0m   [0;1mINSERT INTO schema_info (version) VALUES(0)[0m
  [4;35;1mSQL (0.005675)[0m   [0mUPDATE schema_info SET version = 1[0m
  [4;36;1mSQL (0.000133)[0m   [0;1mSET SQL_AUTO_IS_NULL=0[0m
  [4;35;1mSQL (0.000000)[0m   [0mMysql::Error: Table 'schema_info' already exists: CREATE TABLE `schema_info` (version int(11))[0m
  [4;36;1mSQL (0.000113)[0m   [0;1mSELECT version FROM schema_info[0m
  [4;35;1mSQL (0.000079)[0m   [0mSELECT * FROM schema_info[0m
  [4;36;1mSQL (0.000264)[0m   [0;1mSHOW TABLES[0m
  [4;35;1mSQL (0.000598)[0m   [0mSHOW FIELDS FROM `companies`[0m
  [4;36;1mSQL (0.000450)[0m   [0;1mdescribe `companies`[0m
  [4;35;1mSQL (0.000238)[0m   [0mSHOW KEYS FROM `companies`[0m
  [4;36;1mSQL (0.000620)[0m   [0;1mselect sqlite_version(*)[0m
  [4;35;1mSQL (0.000000)[0m   [0mSQLite3::SQLException: no such table: companies: DROP TABLE companies[0m
  [4;36;1mSQL (0.049192)[0m   [0;1mCREATE TABLE companies ("id" INTEGER PRIMARY KEY AUTOINCREMENT NOT NULL, "name" text DEFAULT NULL, "created_at" datetime DEFAULT NULL, "updated_at" datetime DEFAULT NULL) [0m
  [4;35;1mSQL (0.013529)[0m   [0mCREATE TABLE schema_info (version integer)[0m
  [4;36;1mSQL (0.003649)[0m   [0;1mINSERT INTO schema_info (version) VALUES(0)[0m
  [4;35;1mSQL (0.003689)[0m   [0mUPDATE schema_info SET version = 1[0m
  [4;36;1mSQL (0.000125)[0m   [0;1mSET SQL_AUTO_IS_NULL=0[0m
  [4;35;1mSQL (0.000000)[0m   [0mMysql::Error: Table 'schema_info' already exists: CREATE TABLE `schema_info` (version int(11))[0m
  [4;36;1mSQL (0.000103)[0m   [0;1mSELECT version FROM schema_info[0m
  [4;35;1mSQL (0.000059)[0m   [0mSELECT * FROM schema_info[0m
  [4;36;1mSQL (0.000241)[0m   [0;1mSHOW TABLES[0m
  [4;35;1mSQL (0.000527)[0m   [0mSHOW FIELDS FROM `companies`[0m
  [4;36;1mSQL (0.000461)[0m   [0;1mdescribe `companies`[0m
  [4;35;1mSQL (0.000282)[0m   [0mSHOW KEYS FROM `companies`[0m
  [4;36;1mSQL (0.000813)[0m   [0;1mselect sqlite_version(*)[0m
  [4;35;1mSQL (0.000000)[0m   [0mSQLite3::SQLException: no such table: companies: DROP TABLE companies[0m
  [4;36;1mSQL (0.048953)[0m   [0;1mCREATE TABLE companies ("id" INTEGER PRIMARY KEY AUTOINCREMENT NOT NULL, "name" text DEFAULT NULL, "created_at" datetime DEFAULT NULL, "updated_at" datetime DEFAULT NULL) [0m
  [4;35;1mSQL (0.014307)[0m   [0mCREATE TABLE schema_info (version integer)[0m
  [4;36;1mSQL (0.003474)[0m   [0;1mINSERT INTO schema_info (version) VALUES(0)[0m
  [4;35;1mSQL (0.004217)[0m   [0mUPDATE schema_info SET version = 1[0m
  [4;36;1mSQL (0.000153)[0m   [0;1mSET SQL_AUTO_IS_NULL=0[0m
  [4;35;1mSQL (0.000000)[0m   [0mMysql::Error: Table 'schema_info' already exists: CREATE TABLE `schema_info` (version int(11))[0m
  [4;36;1mSQL (0.000227)[0m   [0;1mSELECT version FROM schema_info[0m
  [4;35;1mSQL (0.000158)[0m   [0mSELECT * FROM schema_info[0m
  [4;36;1mSQL (0.173034)[0m   [0;1mSHOW TABLES[0m
  [4;35;1mSQL (0.080408)[0m   [0mSHOW FIELDS FROM `companies`[0m
  [4;36;1mSQL (0.000524)[0m   [0;1mdescribe `companies`[0m
  [4;35;1mSQL (0.000309)[0m   [0mSHOW KEYS FROM `companies`[0m
  [4;36;1mSQL (0.005741)[0m   [0;1mselect sqlite_version(*)[0m
  [4;35;1mSQL (0.000000)[0m   [0mSQLite3::SQLException: no such table: companies: DROP TABLE companies[0m
  [4;36;1mSQL (0.098288)[0m   [0;1mCREATE TABLE companies ("id" INTEGER PRIMARY KEY AUTOINCREMENT NOT NULL, "name" text DEFAULT NULL, "created_at" datetime DEFAULT NULL, "updated_at" datetime DEFAULT NULL) [0m
  [4;35;1mSQL (0.028526)[0m   [0mCREATE TABLE schema_info (version integer)[0m
  [4;36;1mSQL (0.013305)[0m   [0;1mINSERT INTO schema_info (version) VALUES(0)[0m
  [4;35;1mSQL (0.003793)[0m   [0mUPDATE schema_info SET version = 1[0m
